{"message":"server running on 3000 port","level":"info"}
{"message":"eyJhbGciOiJIUzI1NiIsInR5cCI6IkpXVCJ9.eyJpYXQiOjE2MzE1NDU4ODR9.przzKqtSuLPjidfLjQfeLrSqXw3B4jWHANi4EJVXh8w","level":"info"}
{"message":"eyJhbGciOiJIUzI1NiIsInR5cCI6IkpXVCJ9.eyJpYXQiOjE2MzE1NDYyNTV9.vB33eOh5phKVXTBToxxNPENFDdU3KOLPPsLyieiiunE","level":"info"}
{"message":"eyJhbGciOiJIUzI1NiIsInR5cCI6IkpXVCJ9.eyJpYXQiOjE2MzE1NDY0Njl9.aRsnb6b-qTvSRTJzA8avbhFN17ECmXD8d6luo3amnPc","level":"info"}
{"message":"server running on 3000 port","level":"info"}
{"message":"eyJhbGciOiJIUzI1NiIsInR5cCI6IkpXVCJ9.eyJpYXQiOjE2MzE1NDY1MzN9.27SXlfOKS05NCEOoXr9Y4_-SY7qwsTwU3i_OQC1bY_U","level":"info"}
{"message":"server running on 3000 port","level":"info"}
{"message":"eyJhbGciOiJIUzI1NiIsInR5cCI6IkpXVCJ9.eyJpYXQiOjE2MzE1NDY2NzR9.DsAQxIcZBJPms1tEQKlCnqC8nfylhITcO9QlOBNmJL8","level":"info"}
{"message":"server running on 3000 port","level":"info"}
{"message":"eyJhbGciOiJIUzI1NiIsInR5cCI6IkpXVCJ9.eyJpYXQiOjE2MzE1NDY3Mzd9.-bvhffJt9sGpkpPcrtEsMSVPs1rnFj0KoMhJUdk0fHs","level":"info"}
{"message":"server running on 3000 port","level":"info"}
{"message":"eyJhbGciOiJIUzI1NiIsInR5cCI6IkpXVCJ9.eyJpYXQiOjE2MzE1NDY5Njd9.MPDgno2qQd-HVOEtNXcjldGhGw3rWViYqwQGij50JzQ","level":"info"}
{"message":"server running on 3000 port","level":"info"}
{"message":"eyJhbGciOiJIUzI1NiIsInR5cCI6IkpXVCJ9.eyJpYXQiOjE2MzE1NDc2MzN9.SB7T8APlOepHNBxCO3jyAZ_AH7R9uLFMVci6VqsekpU","level":"info"}
{"message":"server running on 3000 port","level":"info"}
{"message":"eyJhbGciOiJIUzI1NiIsInR5cCI6IkpXVCJ9.eyJpYXQiOjE2MzE1NTc4NDR9.yuo7YR07awPLJuUqv72ZNXnJXEHkKFqC2HZsFN0mpmU","level":"info"}
{"message":"eyJhbGciOiJIUzI1NiIsInR5cCI6IkpXVCJ9.eyJpYXQiOjE2MzE1NTg0MjB9.MeUkzXekXoCmDaNj_X8ZEu8VIe_etW99iYoII65df6Q","level":"info"}
{"message":"eyJhbGciOiJIUzI1NiIsInR5cCI6IkpXVCJ9.eyJpYXQiOjE2MzE1NTg4MTR9.Du34qeZUglq25lCOlNl09XgST2Y9bfwXBUMyBWxqR-U","level":"info"}
{"message":"eyJhbGciOiJIUzI1NiIsInR5cCI6IkpXVCJ9.eyJpYXQiOjE2MzE1NTg5NzB9.9kUhgfQ3m09i7pWTnxKDx2QRwL_rGmDKFrULV9uPOlg","level":"info"}
{"message":"eyJhbGciOiJIUzI1NiIsInR5cCI6IkpXVCJ9.eyJpYXQiOjE2MzE1NTkwNjB9.oyKu31_xsMRZ1TwSgsW8jkG8duhhBaD0YrKa2fTbE0M","level":"info"}
{"message":"eyJhbGciOiJIUzI1NiIsInR5cCI6IkpXVCJ9.eyJpYXQiOjE2MzE1NTkxMzZ9.-3aQnQ_OJP7YC6jM8K3PLZc6wX06_mArzaeGBZVNvBY","level":"info"}
{"message":"eyJhbGciOiJIUzI1NiIsInR5cCI6IkpXVCJ9.eyJpYXQiOjE2MzE1NTk5NDF9.5e4Ma4QChpnZxJvIPH3zwCOIXpcPGF_XIj6wxf_zYn4","level":"info"}
{"message":"eyJhbGciOiJIUzI1NiIsInR5cCI6IkpXVCJ9.eyJpYXQiOjE2MzE1NTk5NjV9.MUAy8N6hxDJAbAjeHadwlEtpyEhDxdO9JMPTClfuLG4","level":"info"}
{"message":"eyJhbGciOiJIUzI1NiIsInR5cCI6IkpXVCJ9.eyJpYXQiOjE2MzE1NjEzMTV9.6nl10YhPzBICSfQYTmwVDYz9HSSqBZ2guCGQV53gAa0","level":"info"}
{"message":"eyJhbGciOiJIUzI1NiIsInR5cCI6IkpXVCJ9.eyJpYXQiOjE2MzE1NjEzNTB9.vePsCezaDs0CJzB3h-IojaEdKRqRNqZUOpa1ePYOf9A","level":"info"}
{"message":"eyJhbGciOiJIUzI1NiIsInR5cCI6IkpXVCJ9.eyJpYXQiOjE2MzE1NjIwMjJ9.hgTh8PmdVOPZFP9Iww9VASpp_DC_CnP9d_fp3p8b85Q","level":"info"}
{"message":"eyJhbGciOiJIUzI1NiIsInR5cCI6IkpXVCJ9.eyJpYXQiOjE2MzE1OTM0NTJ9.pY0uYKUyBVRV3h6o-mmSNb3kuzYPJfVXYcSfgkOzrAc","level":"info"}
{"message":"eyJhbGciOiJIUzI1NiIsInR5cCI6IkpXVCJ9.eyJpYXQiOjE2MzE1OTM1NjZ9.LZArT66o8GrYRUG8Fm1N9278sSZRGS9zFbK-BrhE-qo","level":"info"}
{"message":"eyJhbGciOiJIUzI1NiIsInR5cCI6IkpXVCJ9.eyJpYXQiOjE2MzE1OTM5ODN9.S0zg4zuZBNNCNB5PawEEyX8TWRaGxpmZcHrED-A8yXw","level":"info"}
{"message":"eyJhbGciOiJIUzI1NiIsInR5cCI6IkpXVCJ9.eyJpYXQiOjE2MzE2MjAyNjl9.je3Auxy8LiR86a_NJ7p80QQ9Wv_3IHXOzm5aO-U6lyQ","level":"info"}
{"message":"eyJhbGciOiJIUzI1NiIsInR5cCI6IkpXVCJ9.eyJpYXQiOjE2MzE2MjA1NzB9.oeHr4UR5nFQv-t_layPS1xkjXtGLpTrWtPTVFAzSCPQ","level":"info"}
{"message":"eyJhbGciOiJIUzI1NiIsInR5cCI6IkpXVCJ9.eyJpYXQiOjE2MzE2MjE3ODl9.Yg4xy_KgIEvbyVucvzf_MvQkw-h9cFKSub9D4CflhRM","level":"info"}
{"message":"eyJhbGciOiJIUzI1NiIsInR5cCI6IkpXVCJ9.eyJpYXQiOjE2MzE2NDMyOTN9.ggFtruTyTbYOX6zgZDZFSuovmJznjdtvfJ37E97vLa8","level":"info"}
